<?xml version="1.0" encoding="UTF-8"?>
<!-- Generated by org.testng.reporters.JUnitReportReporter -->
<testsuite skipped="0" hostname="Vipul_Dhruv" name="Checkout.CheckOutUser" tests="1" failures="0" timestamp="21 Apr 2019 13:50:54 GMT" time="161.569" errors="0">
  <testcase name="userChkOut" time="161.569" classname="Checkout.CheckOutUser"/>
</testsuite> <!-- Checkout.CheckOutUser -->
