<?xml version="1.0" encoding="UTF-8"?>
<!-- Generated by org.testng.reporters.JUnitReportReporter -->
<testsuite skipped="0" hostname="Vipul_Dhruv" name="Common.Parallel" tests="2" failures="0" timestamp="19 May 2019 14:49:01 GMT" time="30.874" errors="0">
  <testcase name="setUp" time="15.445" classname="Common.Parallel"/>
  <testcase name="setUp" time="15.429" classname="Common.Parallel"/>
</testsuite> <!-- Common.Parallel -->
