<?xml version="1.0" encoding="UTF-8"?>
<!-- Generated by org.testng.reporters.JUnitReportReporter -->
<testsuite skipped="0" hostname="Vipul_Dhruv" name="Gojek.test" tests="1" failures="0" timestamp="19 Apr 2019 11:24:44 GMT" time="46.858" errors="0">
  <testcase name="urllaunch" time="46.858" classname="Gojek.test"/>
</testsuite> <!-- Gojek.test -->
