<?xml version="1.0" encoding="UTF-8"?>
<!-- Generated by org.testng.reporters.JUnitReportReporter -->
<testsuite skipped="0" hostname="Vipul_Dhruv" name="Common.Lambda" tests="1" failures="0" timestamp="19 May 2019 12:58:58 GMT" time="19.748" errors="0">
  <testcase name="test" time="19.748" classname="Common.Lambda"/>
</testsuite> <!-- Common.Lambda -->
